[2024-02-12T07:20:17.875+0000] {processor.py:161} INFO - Started process (PID=42) to work on /home/airflow/.local/lib/python3.8/site-packages/airflow/example_dags/example_subdag_operator.py
[2024-02-12T07:20:17.877+0000] {processor.py:830} INFO - Processing file /home/airflow/.local/lib/python3.8/site-packages/airflow/example_dags/example_subdag_operator.py for tasks to queue
[2024-02-12T07:20:17.881+0000] {logging_mixin.py:188} INFO - [2024-02-12T07:20:17.880+0000] {dagbag.py:538} INFO - Filling up the DagBag from /home/airflow/.local/lib/python3.8/site-packages/airflow/example_dags/example_subdag_operator.py
[2024-02-12T07:20:17.951+0000] {processor.py:840} INFO - DAG(s) 'example_subdag_operator.section-1', 'example_subdag_operator.section-2', 'example_subdag_operator' retrieved from /home/airflow/.local/lib/python3.8/site-packages/airflow/example_dags/example_subdag_operator.py
[2024-02-12T07:20:18.015+0000] {logging_mixin.py:188} INFO - [2024-02-12T07:20:18.014+0000] {dag.py:3036} INFO - Sync 3 DAGs
[2024-02-12T07:20:18.076+0000] {logging_mixin.py:188} INFO - [2024-02-12T07:20:18.075+0000] {dag.py:3823} INFO - Setting next_dagrun for example_subdag_operator to 2022-01-01 00:00:00+00:00, run_after=2022-01-01 00:00:00+00:00
[2024-02-12T07:20:18.089+0000] {logging_mixin.py:188} INFO - [2024-02-12T07:20:18.088+0000] {dag.py:3823} INFO - Setting next_dagrun for example_subdag_operator.section-1 to None, run_after=None
[2024-02-12T07:20:18.093+0000] {logging_mixin.py:188} INFO - [2024-02-12T07:20:18.092+0000] {dag.py:3823} INFO - Setting next_dagrun for example_subdag_operator.section-2 to None, run_after=None
[2024-02-12T07:20:18.120+0000] {logging_mixin.py:188} INFO - [2024-02-12T07:20:18.118+0000] {dag.py:3036} INFO - Sync 2 DAGs
[2024-02-12T07:20:18.144+0000] {logging_mixin.py:188} INFO - [2024-02-12T07:20:18.143+0000] {dag.py:3823} INFO - Setting next_dagrun for example_subdag_operator.section-1 to None, run_after=None
[2024-02-12T07:20:18.147+0000] {logging_mixin.py:188} INFO - [2024-02-12T07:20:18.144+0000] {dag.py:3823} INFO - Setting next_dagrun for example_subdag_operator.section-2 to None, run_after=None
[2024-02-12T07:20:18.205+0000] {processor.py:183} INFO - Processing /home/airflow/.local/lib/python3.8/site-packages/airflow/example_dags/example_subdag_operator.py took 0.338 seconds
[2024-02-12T07:20:49.624+0000] {processor.py:161} INFO - Started process (PID=103) to work on /home/airflow/.local/lib/python3.8/site-packages/airflow/example_dags/example_subdag_operator.py
[2024-02-12T07:20:49.627+0000] {processor.py:830} INFO - Processing file /home/airflow/.local/lib/python3.8/site-packages/airflow/example_dags/example_subdag_operator.py for tasks to queue
[2024-02-12T07:20:49.631+0000] {logging_mixin.py:188} INFO - [2024-02-12T07:20:49.631+0000] {dagbag.py:538} INFO - Filling up the DagBag from /home/airflow/.local/lib/python3.8/site-packages/airflow/example_dags/example_subdag_operator.py
[2024-02-12T07:20:49.722+0000] {processor.py:840} INFO - DAG(s) 'example_subdag_operator.section-1', 'example_subdag_operator.section-2', 'example_subdag_operator' retrieved from /home/airflow/.local/lib/python3.8/site-packages/airflow/example_dags/example_subdag_operator.py
[2024-02-12T07:20:49.874+0000] {logging_mixin.py:188} INFO - [2024-02-12T07:20:49.872+0000] {dag.py:3036} INFO - Sync 3 DAGs
[2024-02-12T07:20:50.047+0000] {logging_mixin.py:188} INFO - [2024-02-12T07:20:50.043+0000] {dag.py:3823} INFO - Setting next_dagrun for example_subdag_operator to 2022-01-01 00:00:00+00:00, run_after=2022-01-01 00:00:00+00:00
[2024-02-12T07:20:50.070+0000] {logging_mixin.py:188} INFO - [2024-02-12T07:20:50.069+0000] {dag.py:3823} INFO - Setting next_dagrun for example_subdag_operator.section-1 to None, run_after=None
[2024-02-12T07:20:50.074+0000] {logging_mixin.py:188} INFO - [2024-02-12T07:20:50.073+0000] {dag.py:3823} INFO - Setting next_dagrun for example_subdag_operator.section-2 to None, run_after=None
[2024-02-12T07:20:50.114+0000] {logging_mixin.py:188} INFO - [2024-02-12T07:20:50.114+0000] {dag.py:3036} INFO - Sync 2 DAGs
[2024-02-12T07:20:50.161+0000] {logging_mixin.py:188} INFO - [2024-02-12T07:20:50.153+0000] {dag.py:3823} INFO - Setting next_dagrun for example_subdag_operator.section-1 to None, run_after=None
[2024-02-12T07:20:50.163+0000] {logging_mixin.py:188} INFO - [2024-02-12T07:20:50.162+0000] {dag.py:3823} INFO - Setting next_dagrun for example_subdag_operator.section-2 to None, run_after=None
[2024-02-12T07:20:50.212+0000] {processor.py:183} INFO - Processing /home/airflow/.local/lib/python3.8/site-packages/airflow/example_dags/example_subdag_operator.py took 0.598 seconds
