[2024-03-05T07:11:08.553+0000] {taskinstance.py:1956} INFO - Dependencies all met for dep_context=non-requeueable deps ti=<TaskInstance: hola_mundo.branch_a scheduled__2024-03-04T00:00:00+00:00 [queued]>
[2024-03-05T07:11:08.612+0000] {taskinstance.py:1956} INFO - Dependencies all met for dep_context=requeueable deps ti=<TaskInstance: hola_mundo.branch_a scheduled__2024-03-04T00:00:00+00:00 [queued]>
[2024-03-05T07:11:08.613+0000] {taskinstance.py:2170} INFO - Starting attempt 1 of 1
[2024-03-05T07:11:08.675+0000] {taskinstance.py:2191} INFO - Executing <Task(PythonOperator): branch_a> on 2024-03-04 00:00:00+00:00
[2024-03-05T07:11:08.687+0000] {standard_task_runner.py:60} INFO - Started process 78 to run task
[2024-03-05T07:11:08.695+0000] {standard_task_runner.py:87} INFO - Running: ['***', 'tasks', 'run', 'hola_mundo', 'branch_a', 'scheduled__2024-03-04T00:00:00+00:00', '--job-id', '205', '--raw', '--subdir', 'DAGS_FOLDER/prueba2.py', '--cfg-path', '/tmp/tmp9hfv2l7a']
[2024-03-05T07:11:08.701+0000] {standard_task_runner.py:88} INFO - Job 205: Subtask branch_a
[2024-03-05T07:11:08.859+0000] {task_command.py:423} INFO - Running <TaskInstance: hola_mundo.branch_a scheduled__2024-03-04T00:00:00+00:00 [running]> on host d65f2c38c452
[2024-03-05T07:11:09.368+0000] {taskinstance.py:2480} INFO - Exporting env vars: AIRFLOW_CTX_DAG_OWNER='guille' AIRFLOW_CTX_DAG_ID='hola_mundo' AIRFLOW_CTX_TASK_ID='branch_a' AIRFLOW_CTX_EXECUTION_DATE='2024-03-04T00:00:00+00:00' AIRFLOW_CTX_TRY_NUMBER='1' AIRFLOW_CTX_DAG_RUN_ID='scheduled__2024-03-04T00:00:00+00:00'
[2024-03-05T07:11:09.380+0000] {logging_mixin.py:188} INFO - Ejecutando la primera rama
[2024-03-05T07:11:09.765+0000] {logging_mixin.py:188} INFO - Respuesta de ipinfo.io: {
  "ip": "195.235.97.249",
  "city": "Madrid",
  "region": "Madrid",
  "country": "ES",
  "loc": "40.4165,-3.7026",
  "org": "AS3352 TELEFONICA DE ESPANA S.A.U.",
  "postal": "28004",
  "timezone": "Europe/Madrid",
  "readme": "https://ipinfo.io/missingauth"
}
[2024-03-05T07:11:09.769+0000] {python.py:201} INFO - Done. Returned value was: None
[2024-03-05T07:11:09.834+0000] {taskinstance.py:1138} INFO - Marking task as SUCCESS. dag_id=hola_mundo, task_id=branch_a, execution_date=20240304T000000, start_date=20240305T071108, end_date=20240305T071109
[2024-03-05T07:11:09.936+0000] {local_task_job_runner.py:234} INFO - Task exited with return code 0
[2024-03-05T07:11:10.074+0000] {taskinstance.py:3280} INFO - 1 downstream tasks scheduled from follow-on schedule check
