[2024-03-04T15:52:25.406+0000] {taskinstance.py:1956} INFO - Dependencies all met for dep_context=non-requeueable deps ti=<TaskInstance: hola_mundo.branch_a manual__2024-03-04T15:52:06.658091+00:00 [queued]>
[2024-03-04T15:52:25.436+0000] {taskinstance.py:1956} INFO - Dependencies all met for dep_context=requeueable deps ti=<TaskInstance: hola_mundo.branch_a manual__2024-03-04T15:52:06.658091+00:00 [queued]>
[2024-03-04T15:52:25.437+0000] {taskinstance.py:2170} INFO - Starting attempt 1 of 1
[2024-03-04T15:52:25.490+0000] {taskinstance.py:2191} INFO - Executing <Task(PythonOperator): branch_a> on 2024-03-04 15:52:06.658091+00:00
[2024-03-04T15:52:25.506+0000] {standard_task_runner.py:60} INFO - Started process 485 to run task
[2024-03-04T15:52:25.522+0000] {standard_task_runner.py:87} INFO - Running: ['***', 'tasks', 'run', 'hola_mundo', 'branch_a', 'manual__2024-03-04T15:52:06.658091+00:00', '--job-id', '199', '--raw', '--subdir', 'DAGS_FOLDER/prueba2.py', '--cfg-path', '/tmp/tmpzz9nz8vr']
[2024-03-04T15:52:25.527+0000] {standard_task_runner.py:88} INFO - Job 199: Subtask branch_a
[2024-03-04T15:52:25.652+0000] {task_command.py:423} INFO - Running <TaskInstance: hola_mundo.branch_a manual__2024-03-04T15:52:06.658091+00:00 [running]> on host d65f2c38c452
[2024-03-04T15:52:25.924+0000] {taskinstance.py:2480} INFO - Exporting env vars: AIRFLOW_CTX_DAG_OWNER='guille' AIRFLOW_CTX_DAG_ID='hola_mundo' AIRFLOW_CTX_TASK_ID='branch_a' AIRFLOW_CTX_EXECUTION_DATE='2024-03-04T15:52:06.658091+00:00' AIRFLOW_CTX_TRY_NUMBER='1' AIRFLOW_CTX_DAG_RUN_ID='manual__2024-03-04T15:52:06.658091+00:00'
[2024-03-04T15:52:25.927+0000] {logging_mixin.py:188} INFO - Ejecutando la primera rama
[2024-03-04T15:52:26.327+0000] {logging_mixin.py:188} INFO - Respuesta de ipinfo.io: {
  "ip": "195.235.97.249",
  "city": "Madrid",
  "region": "Madrid",
  "country": "ES",
  "loc": "40.4165,-3.7026",
  "org": "AS3352 TELEFONICA DE ESPANA S.A.U.",
  "postal": "28004",
  "timezone": "Europe/Madrid",
  "readme": "https://ipinfo.io/missingauth"
}
[2024-03-04T15:52:26.331+0000] {python.py:201} INFO - Done. Returned value was: None
[2024-03-04T15:52:26.377+0000] {taskinstance.py:1138} INFO - Marking task as SUCCESS. dag_id=hola_mundo, task_id=branch_a, execution_date=20240304T155206, start_date=20240304T155225, end_date=20240304T155226
[2024-03-04T15:52:26.467+0000] {local_task_job_runner.py:234} INFO - Task exited with return code 0
[2024-03-04T15:52:26.558+0000] {taskinstance.py:3280} INFO - 1 downstream tasks scheduled from follow-on schedule check
