[2024-02-16T08:27:31.985+0000] {processor.py:161} INFO - Started process (PID=52) to work on /home/airflow/.local/lib/python3.8/site-packages/airflow/example_dags/example_subdag_operator.py
[2024-02-16T08:27:32.020+0000] {processor.py:830} INFO - Processing file /home/airflow/.local/lib/python3.8/site-packages/airflow/example_dags/example_subdag_operator.py for tasks to queue
[2024-02-16T08:27:32.029+0000] {logging_mixin.py:188} INFO - [2024-02-16T08:27:32.028+0000] {dagbag.py:538} INFO - Filling up the DagBag from /home/airflow/.local/lib/python3.8/site-packages/airflow/example_dags/example_subdag_operator.py
[2024-02-16T08:27:32.110+0000] {processor.py:840} INFO - DAG(s) 'example_subdag_operator.section-1', 'example_subdag_operator.section-2', 'example_subdag_operator' retrieved from /home/airflow/.local/lib/python3.8/site-packages/airflow/example_dags/example_subdag_operator.py
[2024-02-16T08:27:32.244+0000] {logging_mixin.py:188} INFO - [2024-02-16T08:27:32.244+0000] {dag.py:3036} INFO - Sync 3 DAGs
[2024-02-16T08:27:32.483+0000] {logging_mixin.py:188} INFO - [2024-02-16T08:27:32.472+0000] {dag.py:3823} INFO - Setting next_dagrun for example_subdag_operator to 2022-01-01 00:00:00+00:00, run_after=2022-01-01 00:00:00+00:00
[2024-02-16T08:27:32.516+0000] {logging_mixin.py:188} INFO - [2024-02-16T08:27:32.516+0000] {dag.py:3823} INFO - Setting next_dagrun for example_subdag_operator.section-1 to None, run_after=None
[2024-02-16T08:27:32.532+0000] {logging_mixin.py:188} INFO - [2024-02-16T08:27:32.531+0000] {dag.py:3823} INFO - Setting next_dagrun for example_subdag_operator.section-2 to None, run_after=None
[2024-02-16T08:27:32.621+0000] {logging_mixin.py:188} INFO - [2024-02-16T08:27:32.609+0000] {dag.py:3036} INFO - Sync 2 DAGs
[2024-02-16T08:27:32.667+0000] {logging_mixin.py:188} INFO - [2024-02-16T08:27:32.667+0000] {dag.py:3823} INFO - Setting next_dagrun for example_subdag_operator.section-1 to None, run_after=None
[2024-02-16T08:27:32.669+0000] {logging_mixin.py:188} INFO - [2024-02-16T08:27:32.668+0000] {dag.py:3823} INFO - Setting next_dagrun for example_subdag_operator.section-2 to None, run_after=None
[2024-02-16T08:27:32.809+0000] {processor.py:183} INFO - Processing /home/airflow/.local/lib/python3.8/site-packages/airflow/example_dags/example_subdag_operator.py took 0.880 seconds
[2024-02-16T08:28:05.476+0000] {processor.py:161} INFO - Started process (PID=107) to work on /home/airflow/.local/lib/python3.8/site-packages/airflow/example_dags/example_subdag_operator.py
[2024-02-16T08:28:05.493+0000] {processor.py:830} INFO - Processing file /home/airflow/.local/lib/python3.8/site-packages/airflow/example_dags/example_subdag_operator.py for tasks to queue
[2024-02-16T08:28:05.509+0000] {logging_mixin.py:188} INFO - [2024-02-16T08:28:05.508+0000] {dagbag.py:538} INFO - Filling up the DagBag from /home/airflow/.local/lib/python3.8/site-packages/airflow/example_dags/example_subdag_operator.py
[2024-02-16T08:28:05.893+0000] {processor.py:840} INFO - DAG(s) 'example_subdag_operator.section-1', 'example_subdag_operator.section-2', 'example_subdag_operator' retrieved from /home/airflow/.local/lib/python3.8/site-packages/airflow/example_dags/example_subdag_operator.py
[2024-02-16T08:28:06.177+0000] {logging_mixin.py:188} INFO - [2024-02-16T08:28:06.177+0000] {dag.py:3036} INFO - Sync 3 DAGs
[2024-02-16T08:28:06.422+0000] {logging_mixin.py:188} INFO - [2024-02-16T08:28:06.421+0000] {dag.py:3823} INFO - Setting next_dagrun for example_subdag_operator to 2022-01-01 00:00:00+00:00, run_after=2022-01-01 00:00:00+00:00
[2024-02-16T08:28:06.445+0000] {logging_mixin.py:188} INFO - [2024-02-16T08:28:06.439+0000] {dag.py:3823} INFO - Setting next_dagrun for example_subdag_operator.section-1 to None, run_after=None
[2024-02-16T08:28:06.460+0000] {logging_mixin.py:188} INFO - [2024-02-16T08:28:06.459+0000] {dag.py:3823} INFO - Setting next_dagrun for example_subdag_operator.section-2 to None, run_after=None
[2024-02-16T08:28:06.550+0000] {logging_mixin.py:188} INFO - [2024-02-16T08:28:06.549+0000] {dag.py:3036} INFO - Sync 2 DAGs
[2024-02-16T08:28:06.588+0000] {logging_mixin.py:188} INFO - [2024-02-16T08:28:06.585+0000] {dag.py:3823} INFO - Setting next_dagrun for example_subdag_operator.section-1 to None, run_after=None
[2024-02-16T08:28:06.589+0000] {logging_mixin.py:188} INFO - [2024-02-16T08:28:06.589+0000] {dag.py:3823} INFO - Setting next_dagrun for example_subdag_operator.section-2 to None, run_after=None
[2024-02-16T08:28:06.637+0000] {processor.py:183} INFO - Processing /home/airflow/.local/lib/python3.8/site-packages/airflow/example_dags/example_subdag_operator.py took 1.208 seconds
[2024-02-16T08:29:06.017+0000] {processor.py:161} INFO - Started process (PID=127) to work on /home/airflow/.local/lib/python3.8/site-packages/airflow/example_dags/example_subdag_operator.py
[2024-02-16T08:29:06.024+0000] {processor.py:830} INFO - Processing file /home/airflow/.local/lib/python3.8/site-packages/airflow/example_dags/example_subdag_operator.py for tasks to queue
[2024-02-16T08:29:06.054+0000] {logging_mixin.py:188} INFO - [2024-02-16T08:29:06.045+0000] {dagbag.py:538} INFO - Filling up the DagBag from /home/airflow/.local/lib/python3.8/site-packages/airflow/example_dags/example_subdag_operator.py
[2024-02-16T08:29:06.318+0000] {processor.py:840} INFO - DAG(s) 'example_subdag_operator.section-1', 'example_subdag_operator.section-2', 'example_subdag_operator' retrieved from /home/airflow/.local/lib/python3.8/site-packages/airflow/example_dags/example_subdag_operator.py
[2024-02-16T08:29:06.526+0000] {logging_mixin.py:188} INFO - [2024-02-16T08:29:06.523+0000] {dag.py:3036} INFO - Sync 3 DAGs
[2024-02-16T08:29:06.690+0000] {logging_mixin.py:188} INFO - [2024-02-16T08:29:06.689+0000] {dag.py:3823} INFO - Setting next_dagrun for example_subdag_operator to 2022-01-01 00:00:00+00:00, run_after=2022-01-01 00:00:00+00:00
[2024-02-16T08:29:06.716+0000] {logging_mixin.py:188} INFO - [2024-02-16T08:29:06.715+0000] {dag.py:3823} INFO - Setting next_dagrun for example_subdag_operator.section-1 to None, run_after=None
[2024-02-16T08:29:06.725+0000] {logging_mixin.py:188} INFO - [2024-02-16T08:29:06.721+0000] {dag.py:3823} INFO - Setting next_dagrun for example_subdag_operator.section-2 to None, run_after=None
[2024-02-16T08:29:06.790+0000] {logging_mixin.py:188} INFO - [2024-02-16T08:29:06.787+0000] {dag.py:3036} INFO - Sync 2 DAGs
[2024-02-16T08:29:06.810+0000] {logging_mixin.py:188} INFO - [2024-02-16T08:29:06.809+0000] {dag.py:3823} INFO - Setting next_dagrun for example_subdag_operator.section-1 to None, run_after=None
[2024-02-16T08:29:06.811+0000] {logging_mixin.py:188} INFO - [2024-02-16T08:29:06.811+0000] {dag.py:3823} INFO - Setting next_dagrun for example_subdag_operator.section-2 to None, run_after=None
[2024-02-16T08:29:06.921+0000] {processor.py:183} INFO - Processing /home/airflow/.local/lib/python3.8/site-packages/airflow/example_dags/example_subdag_operator.py took 0.918 seconds
