[2024-02-16T08:27:32.902+0000] {processor.py:161} INFO - Started process (PID=53) to work on /home/airflow/.local/lib/python3.8/site-packages/airflow/example_dags/tutorial_taskflow_api.py
[2024-02-16T08:27:32.906+0000] {processor.py:830} INFO - Processing file /home/airflow/.local/lib/python3.8/site-packages/airflow/example_dags/tutorial_taskflow_api.py for tasks to queue
[2024-02-16T08:27:32.923+0000] {logging_mixin.py:188} INFO - [2024-02-16T08:27:32.909+0000] {dagbag.py:538} INFO - Filling up the DagBag from /home/airflow/.local/lib/python3.8/site-packages/airflow/example_dags/tutorial_taskflow_api.py
[2024-02-16T08:27:32.941+0000] {processor.py:840} INFO - DAG(s) 'tutorial_taskflow_api' retrieved from /home/airflow/.local/lib/python3.8/site-packages/airflow/example_dags/tutorial_taskflow_api.py
[2024-02-16T08:27:33.047+0000] {logging_mixin.py:188} INFO - [2024-02-16T08:27:33.046+0000] {dag.py:3036} INFO - Sync 1 DAGs
[2024-02-16T08:27:33.110+0000] {logging_mixin.py:188} INFO - [2024-02-16T08:27:33.109+0000] {dag.py:3823} INFO - Setting next_dagrun for tutorial_taskflow_api to None, run_after=None
[2024-02-16T08:27:33.194+0000] {processor.py:183} INFO - Processing /home/airflow/.local/lib/python3.8/site-packages/airflow/example_dags/tutorial_taskflow_api.py took 0.309 seconds
[2024-02-16T08:28:06.707+0000] {processor.py:161} INFO - Started process (PID=108) to work on /home/airflow/.local/lib/python3.8/site-packages/airflow/example_dags/tutorial_taskflow_api.py
[2024-02-16T08:28:06.710+0000] {processor.py:830} INFO - Processing file /home/airflow/.local/lib/python3.8/site-packages/airflow/example_dags/tutorial_taskflow_api.py for tasks to queue
[2024-02-16T08:28:06.714+0000] {logging_mixin.py:188} INFO - [2024-02-16T08:28:06.713+0000] {dagbag.py:538} INFO - Filling up the DagBag from /home/airflow/.local/lib/python3.8/site-packages/airflow/example_dags/tutorial_taskflow_api.py
[2024-02-16T08:28:06.745+0000] {processor.py:840} INFO - DAG(s) 'tutorial_taskflow_api' retrieved from /home/airflow/.local/lib/python3.8/site-packages/airflow/example_dags/tutorial_taskflow_api.py
[2024-02-16T08:28:06.929+0000] {logging_mixin.py:188} INFO - [2024-02-16T08:28:06.928+0000] {dag.py:3036} INFO - Sync 1 DAGs
[2024-02-16T08:28:06.997+0000] {logging_mixin.py:188} INFO - [2024-02-16T08:28:06.996+0000] {dag.py:3823} INFO - Setting next_dagrun for tutorial_taskflow_api to None, run_after=None
[2024-02-16T08:28:07.075+0000] {processor.py:183} INFO - Processing /home/airflow/.local/lib/python3.8/site-packages/airflow/example_dags/tutorial_taskflow_api.py took 0.378 seconds
[2024-02-16T08:29:06.247+0000] {processor.py:161} INFO - Started process (PID=128) to work on /home/airflow/.local/lib/python3.8/site-packages/airflow/example_dags/tutorial_taskflow_api.py
[2024-02-16T08:29:06.253+0000] {processor.py:830} INFO - Processing file /home/airflow/.local/lib/python3.8/site-packages/airflow/example_dags/tutorial_taskflow_api.py for tasks to queue
[2024-02-16T08:29:06.260+0000] {logging_mixin.py:188} INFO - [2024-02-16T08:29:06.259+0000] {dagbag.py:538} INFO - Filling up the DagBag from /home/airflow/.local/lib/python3.8/site-packages/airflow/example_dags/tutorial_taskflow_api.py
[2024-02-16T08:29:06.301+0000] {processor.py:840} INFO - DAG(s) 'tutorial_taskflow_api' retrieved from /home/airflow/.local/lib/python3.8/site-packages/airflow/example_dags/tutorial_taskflow_api.py
[2024-02-16T08:29:06.401+0000] {logging_mixin.py:188} INFO - [2024-02-16T08:29:06.400+0000] {dag.py:3036} INFO - Sync 1 DAGs
[2024-02-16T08:29:06.626+0000] {logging_mixin.py:188} INFO - [2024-02-16T08:29:06.626+0000] {dag.py:3823} INFO - Setting next_dagrun for tutorial_taskflow_api to None, run_after=None
[2024-02-16T08:29:06.734+0000] {processor.py:183} INFO - Processing /home/airflow/.local/lib/python3.8/site-packages/airflow/example_dags/tutorial_taskflow_api.py took 0.501 seconds
