[2024-02-16T08:27:30.151+0000] {processor.py:161} INFO - Started process (PID=36) to work on /opt/airflow/dags/prueba.py
[2024-02-16T08:27:30.152+0000] {processor.py:830} INFO - Processing file /opt/airflow/dags/prueba.py for tasks to queue
[2024-02-16T08:27:30.160+0000] {logging_mixin.py:188} INFO - [2024-02-16T08:27:30.159+0000] {dagbag.py:538} INFO - Filling up the DagBag from /opt/airflow/dags/prueba.py
[2024-02-16T08:27:30.237+0000] {logging_mixin.py:188} WARNING - /home/airflow/.local/lib/python3.8/site-packages/airflow/models/baseoperator.py:437 RemovedInAirflow3Warning: provide_context is deprecated as of 2.0 and is no longer required
[2024-02-16T08:27:30.281+0000] {processor.py:840} INFO - DAG(s) 'hola_mundo' retrieved from /opt/airflow/dags/prueba.py
[2024-02-16T08:27:30.546+0000] {logging_mixin.py:188} INFO - [2024-02-16T08:27:30.545+0000] {dag.py:3036} INFO - Sync 1 DAGs
[2024-02-16T08:27:30.736+0000] {logging_mixin.py:188} INFO - [2024-02-16T08:27:30.735+0000] {dag.py:3823} INFO - Setting next_dagrun for hola_mundo to 2024-02-13 00:00:00+00:00, run_after=2024-02-14 00:00:00+00:00
[2024-02-16T08:27:30.817+0000] {processor.py:183} INFO - Processing /opt/airflow/dags/prueba.py took 0.679 seconds
[2024-02-16T08:27:40.528+0000] {processor.py:161} INFO - Started process (PID=75) to work on /opt/airflow/dags/prueba.py
[2024-02-16T08:27:40.537+0000] {processor.py:830} INFO - Processing file /opt/airflow/dags/prueba.py for tasks to queue
[2024-02-16T08:27:40.546+0000] {logging_mixin.py:188} INFO - [2024-02-16T08:27:40.545+0000] {dagbag.py:538} INFO - Filling up the DagBag from /opt/airflow/dags/prueba.py
[2024-02-16T08:27:40.759+0000] {logging_mixin.py:188} WARNING - /home/airflow/.local/lib/python3.8/site-packages/airflow/models/baseoperator.py:437 RemovedInAirflow3Warning: provide_context is deprecated as of 2.0 and is no longer required
[2024-02-16T08:27:40.772+0000] {processor.py:840} INFO - DAG(s) 'hola_mundo' retrieved from /opt/airflow/dags/prueba.py
[2024-02-16T08:27:41.060+0000] {logging_mixin.py:188} INFO - [2024-02-16T08:27:41.059+0000] {taskinstance.py:2700} ERROR - {'DAG Id': 'hola_mundo', 'Task Id': 'print_hello_task', 'Run Id': 'scheduled__2024-02-04T00:00:00+00:00', 'Hostname': 'd65f2c38c452', 'External Executor Id': '1d524f76-9529-4dc6-b757-9918d302d35f'}
[2024-02-16T08:27:41.202+0000] {logging_mixin.py:188} INFO - [2024-02-16T08:27:41.201+0000] {taskinstance.py:1138} INFO - Marking task as FAILED. dag_id=hola_mundo, task_id=print_hello_task, execution_date=20240204T000000, start_date=20240212T072116, end_date=20240216T082741
[2024-02-16T08:27:41.273+0000] {processor.py:791} INFO - Executed failure callback for <TaskInstance: hola_mundo.print_hello_task scheduled__2024-02-04T00:00:00+00:00 [failed]> in state failed
[2024-02-16T08:27:41.382+0000] {logging_mixin.py:188} INFO - [2024-02-16T08:27:41.381+0000] {dag.py:3036} INFO - Sync 1 DAGs
[2024-02-16T08:27:41.507+0000] {logging_mixin.py:188} INFO - [2024-02-16T08:27:41.506+0000] {dag.py:3823} INFO - Setting next_dagrun for hola_mundo to 2024-02-16 00:00:00+00:00, run_after=2024-02-17 00:00:00+00:00
[2024-02-16T08:27:41.569+0000] {processor.py:183} INFO - Processing /opt/airflow/dags/prueba.py took 1.012 seconds
[2024-02-16T08:28:37.980+0000] {processor.py:161} INFO - Started process (PID=121) to work on /opt/airflow/dags/prueba.py
[2024-02-16T08:28:37.986+0000] {processor.py:830} INFO - Processing file /opt/airflow/dags/prueba.py for tasks to queue
[2024-02-16T08:28:37.991+0000] {logging_mixin.py:188} INFO - [2024-02-16T08:28:37.990+0000] {dagbag.py:538} INFO - Filling up the DagBag from /opt/airflow/dags/prueba.py
[2024-02-16T08:28:38.126+0000] {logging_mixin.py:188} WARNING - /home/airflow/.local/lib/python3.8/site-packages/airflow/models/baseoperator.py:437 RemovedInAirflow3Warning: provide_context is deprecated as of 2.0 and is no longer required
[2024-02-16T08:28:38.142+0000] {processor.py:840} INFO - DAG(s) 'hola_mundo' retrieved from /opt/airflow/dags/prueba.py
[2024-02-16T08:28:38.376+0000] {logging_mixin.py:188} INFO - [2024-02-16T08:28:38.375+0000] {dag.py:3036} INFO - Sync 1 DAGs
[2024-02-16T08:28:38.596+0000] {logging_mixin.py:188} INFO - [2024-02-16T08:28:38.594+0000] {dag.py:3823} INFO - Setting next_dagrun for hola_mundo to 2024-02-16 00:00:00+00:00, run_after=2024-02-17 00:00:00+00:00
[2024-02-16T08:28:38.742+0000] {processor.py:183} INFO - Processing /opt/airflow/dags/prueba.py took 0.781 seconds
