[2024-03-04T12:12:04.576+0000] {processor.py:161} INFO - Started process (PID=26694) to work on /opt/airflow/dags/extraerDivisas.py
[2024-03-04T12:12:04.578+0000] {processor.py:830} INFO - Processing file /opt/airflow/dags/extraerDivisas.py for tasks to queue
[2024-03-04T12:12:04.585+0000] {logging_mixin.py:188} INFO - [2024-03-04T12:12:04.584+0000] {dagbag.py:538} INFO - Filling up the DagBag from /opt/airflow/dags/extraerDivisas.py
[2024-03-04T12:12:04.725+0000] {logging_mixin.py:188} WARNING - /home/airflow/.local/lib/python3.8/site-packages/airflow/models/baseoperator.py:437 AirflowProviderDeprecationWarning: Class `SimpleHttpOperator` is deprecated and will be removed in a future release. Please use `HttpOperator` instead.
[2024-03-04T12:12:04.729+0000] {processor.py:840} INFO - DAG(s) 'http_request_dag' retrieved from /opt/airflow/dags/extraerDivisas.py
[2024-03-04T12:12:05.009+0000] {logging_mixin.py:188} INFO - [2024-03-04T12:12:05.008+0000] {override.py:1769} INFO - Created Permission View: can edit on DAG:http_request_dag
[2024-03-04T12:12:05.033+0000] {logging_mixin.py:188} INFO - [2024-03-04T12:12:05.032+0000] {override.py:1769} INFO - Created Permission View: can read on DAG:http_request_dag
[2024-03-04T12:12:05.051+0000] {logging_mixin.py:188} INFO - [2024-03-04T12:12:05.050+0000] {override.py:1769} INFO - Created Permission View: can delete on DAG:http_request_dag
[2024-03-04T12:12:05.051+0000] {logging_mixin.py:188} INFO - [2024-03-04T12:12:05.051+0000] {dag.py:3036} INFO - Sync 1 DAGs
[2024-03-04T12:12:05.080+0000] {logging_mixin.py:188} INFO - [2024-03-04T12:12:05.079+0000] {dag.py:3058} INFO - Creating ORM DAG for http_request_dag
[2024-03-04T12:12:05.106+0000] {logging_mixin.py:188} INFO - [2024-03-04T12:12:05.105+0000] {dag.py:3823} INFO - Setting next_dagrun for http_request_dag to 2024-03-04 00:00:00+00:00, run_after=2024-03-04 00:30:00+00:00
[2024-03-04T12:12:05.139+0000] {processor.py:183} INFO - Processing /opt/airflow/dags/extraerDivisas.py took 0.573 seconds
[2024-03-04T12:12:35.971+0000] {processor.py:161} INFO - Started process (PID=26754) to work on /opt/airflow/dags/extraerDivisas.py
[2024-03-04T12:12:35.982+0000] {processor.py:830} INFO - Processing file /opt/airflow/dags/extraerDivisas.py for tasks to queue
[2024-03-04T12:12:35.987+0000] {logging_mixin.py:188} INFO - [2024-03-04T12:12:35.986+0000] {dagbag.py:538} INFO - Filling up the DagBag from /opt/airflow/dags/extraerDivisas.py
[2024-03-04T12:12:36.090+0000] {logging_mixin.py:188} WARNING - /home/airflow/.local/lib/python3.8/site-packages/airflow/models/baseoperator.py:437 AirflowProviderDeprecationWarning: Class `SimpleHttpOperator` is deprecated and will be removed in a future release. Please use `HttpOperator` instead.
[2024-03-04T12:12:36.095+0000] {processor.py:840} INFO - DAG(s) 'http_request_dag' retrieved from /opt/airflow/dags/extraerDivisas.py
[2024-03-04T12:12:36.186+0000] {logging_mixin.py:188} INFO - [2024-03-04T12:12:36.185+0000] {dag.py:3036} INFO - Sync 1 DAGs
[2024-03-04T12:12:36.341+0000] {logging_mixin.py:188} INFO - [2024-03-04T12:12:36.341+0000] {dag.py:3823} INFO - Setting next_dagrun for http_request_dag to 2024-03-04 00:00:00+00:00, run_after=2024-03-04 00:30:00+00:00
[2024-03-04T12:12:36.448+0000] {processor.py:183} INFO - Processing /opt/airflow/dags/extraerDivisas.py took 0.487 seconds
[2024-03-04T12:13:07.438+0000] {processor.py:161} INFO - Started process (PID=26813) to work on /opt/airflow/dags/extraerDivisas.py
[2024-03-04T12:13:07.441+0000] {processor.py:830} INFO - Processing file /opt/airflow/dags/extraerDivisas.py for tasks to queue
[2024-03-04T12:13:07.446+0000] {logging_mixin.py:188} INFO - [2024-03-04T12:13:07.446+0000] {dagbag.py:538} INFO - Filling up the DagBag from /opt/airflow/dags/extraerDivisas.py
[2024-03-04T12:13:07.467+0000] {processor.py:840} INFO - DAG(s) 'actualizar_divisas_dag' retrieved from /opt/airflow/dags/extraerDivisas.py
[2024-03-04T12:13:07.985+0000] {logging_mixin.py:188} INFO - [2024-03-04T12:13:07.983+0000] {override.py:1769} INFO - Created Permission View: can edit on DAG:actualizar_divisas_dag
[2024-03-04T12:13:08.041+0000] {logging_mixin.py:188} INFO - [2024-03-04T12:13:08.041+0000] {override.py:1769} INFO - Created Permission View: can read on DAG:actualizar_divisas_dag
[2024-03-04T12:13:08.065+0000] {logging_mixin.py:188} INFO - [2024-03-04T12:13:08.064+0000] {override.py:1769} INFO - Created Permission View: can delete on DAG:actualizar_divisas_dag
[2024-03-04T12:13:08.066+0000] {logging_mixin.py:188} INFO - [2024-03-04T12:13:08.066+0000] {dag.py:3036} INFO - Sync 1 DAGs
[2024-03-04T12:13:08.112+0000] {logging_mixin.py:188} INFO - [2024-03-04T12:13:08.111+0000] {dag.py:3058} INFO - Creating ORM DAG for actualizar_divisas_dag
[2024-03-04T12:13:08.156+0000] {logging_mixin.py:188} INFO - [2024-03-04T12:13:08.155+0000] {dag.py:3823} INFO - Setting next_dagrun for actualizar_divisas_dag to 2024-03-04 00:00:00+00:00, run_after=2024-03-04 00:30:00+00:00
[2024-03-04T12:13:08.214+0000] {processor.py:183} INFO - Processing /opt/airflow/dags/extraerDivisas.py took 0.785 seconds
[2024-03-04T12:13:38.765+0000] {processor.py:161} INFO - Started process (PID=26872) to work on /opt/airflow/dags/extraerDivisas.py
[2024-03-04T12:13:38.767+0000] {processor.py:830} INFO - Processing file /opt/airflow/dags/extraerDivisas.py for tasks to queue
[2024-03-04T12:13:38.772+0000] {logging_mixin.py:188} INFO - [2024-03-04T12:13:38.772+0000] {dagbag.py:538} INFO - Filling up the DagBag from /opt/airflow/dags/extraerDivisas.py
[2024-03-04T12:13:38.789+0000] {processor.py:840} INFO - DAG(s) 'actualizar_divisas_dag' retrieved from /opt/airflow/dags/extraerDivisas.py
[2024-03-04T12:13:38.842+0000] {logging_mixin.py:188} INFO - [2024-03-04T12:13:38.841+0000] {dag.py:3036} INFO - Sync 1 DAGs
[2024-03-04T12:13:38.918+0000] {logging_mixin.py:188} INFO - [2024-03-04T12:13:38.917+0000] {dag.py:3823} INFO - Setting next_dagrun for actualizar_divisas_dag to 2024-03-04 00:00:00+00:00, run_after=2024-03-04 00:30:00+00:00
[2024-03-04T12:13:38.982+0000] {processor.py:183} INFO - Processing /opt/airflow/dags/extraerDivisas.py took 0.227 seconds
[2024-03-04T12:14:09.638+0000] {processor.py:161} INFO - Started process (PID=26931) to work on /opt/airflow/dags/extraerDivisas.py
[2024-03-04T12:14:09.676+0000] {processor.py:830} INFO - Processing file /opt/airflow/dags/extraerDivisas.py for tasks to queue
[2024-03-04T12:14:09.682+0000] {logging_mixin.py:188} INFO - [2024-03-04T12:14:09.681+0000] {dagbag.py:538} INFO - Filling up the DagBag from /opt/airflow/dags/extraerDivisas.py
[2024-03-04T12:14:09.735+0000] {processor.py:840} INFO - DAG(s) 'actualizar_divisas_dag' retrieved from /opt/airflow/dags/extraerDivisas.py
[2024-03-04T12:14:10.157+0000] {logging_mixin.py:188} INFO - [2024-03-04T12:14:10.156+0000] {dag.py:3036} INFO - Sync 1 DAGs
[2024-03-04T12:14:10.272+0000] {logging_mixin.py:188} INFO - [2024-03-04T12:14:10.271+0000] {dag.py:3823} INFO - Setting next_dagrun for actualizar_divisas_dag to 2024-03-04 00:00:00+00:00, run_after=2024-03-04 00:30:00+00:00
[2024-03-04T12:14:10.366+0000] {processor.py:183} INFO - Processing /opt/airflow/dags/extraerDivisas.py took 0.746 seconds
[2024-03-04T12:14:40.683+0000] {processor.py:161} INFO - Started process (PID=26990) to work on /opt/airflow/dags/extraerDivisas.py
[2024-03-04T12:14:40.689+0000] {processor.py:830} INFO - Processing file /opt/airflow/dags/extraerDivisas.py for tasks to queue
[2024-03-04T12:14:40.697+0000] {logging_mixin.py:188} INFO - [2024-03-04T12:14:40.696+0000] {dagbag.py:538} INFO - Filling up the DagBag from /opt/airflow/dags/extraerDivisas.py
[2024-03-04T12:14:40.736+0000] {processor.py:840} INFO - DAG(s) 'actualizar_divisas_dag' retrieved from /opt/airflow/dags/extraerDivisas.py
[2024-03-04T12:14:40.888+0000] {logging_mixin.py:188} INFO - [2024-03-04T12:14:40.887+0000] {dag.py:3036} INFO - Sync 1 DAGs
[2024-03-04T12:14:41.032+0000] {logging_mixin.py:188} INFO - [2024-03-04T12:14:41.031+0000] {dag.py:3823} INFO - Setting next_dagrun for actualizar_divisas_dag to 2024-03-04 00:00:00+00:00, run_after=2024-03-04 00:30:00+00:00
[2024-03-04T12:14:41.181+0000] {processor.py:183} INFO - Processing /opt/airflow/dags/extraerDivisas.py took 0.514 seconds
[2024-03-04T12:15:11.409+0000] {processor.py:161} INFO - Started process (PID=27048) to work on /opt/airflow/dags/extraerDivisas.py
[2024-03-04T12:15:11.412+0000] {processor.py:830} INFO - Processing file /opt/airflow/dags/extraerDivisas.py for tasks to queue
[2024-03-04T12:15:11.415+0000] {logging_mixin.py:188} INFO - [2024-03-04T12:15:11.414+0000] {dagbag.py:538} INFO - Filling up the DagBag from /opt/airflow/dags/extraerDivisas.py
[2024-03-04T12:15:11.435+0000] {processor.py:840} INFO - DAG(s) 'actualizar_divisas_dag' retrieved from /opt/airflow/dags/extraerDivisas.py
[2024-03-04T12:15:11.486+0000] {logging_mixin.py:188} INFO - [2024-03-04T12:15:11.485+0000] {dag.py:3036} INFO - Sync 1 DAGs
[2024-03-04T12:15:11.547+0000] {logging_mixin.py:188} INFO - [2024-03-04T12:15:11.546+0000] {dag.py:3823} INFO - Setting next_dagrun for actualizar_divisas_dag to 2024-03-04 00:00:00+00:00, run_after=2024-03-04 00:30:00+00:00
[2024-03-04T12:15:11.622+0000] {processor.py:183} INFO - Processing /opt/airflow/dags/extraerDivisas.py took 0.227 seconds
[2024-03-04T12:15:41.724+0000] {processor.py:161} INFO - Started process (PID=27108) to work on /opt/airflow/dags/extraerDivisas.py
[2024-03-04T12:15:41.726+0000] {processor.py:830} INFO - Processing file /opt/airflow/dags/extraerDivisas.py for tasks to queue
[2024-03-04T12:15:41.728+0000] {logging_mixin.py:188} INFO - [2024-03-04T12:15:41.727+0000] {dagbag.py:538} INFO - Filling up the DagBag from /opt/airflow/dags/extraerDivisas.py
[2024-03-04T12:15:41.755+0000] {processor.py:840} INFO - DAG(s) 'actualizar_divisas_dag' retrieved from /opt/airflow/dags/extraerDivisas.py
[2024-03-04T12:15:41.810+0000] {logging_mixin.py:188} INFO - [2024-03-04T12:15:41.809+0000] {dag.py:3036} INFO - Sync 1 DAGs
[2024-03-04T12:15:41.879+0000] {logging_mixin.py:188} INFO - [2024-03-04T12:15:41.878+0000] {dag.py:3823} INFO - Setting next_dagrun for actualizar_divisas_dag to 2024-03-04 00:00:00+00:00, run_after=2024-03-04 00:30:00+00:00
[2024-03-04T12:15:41.936+0000] {processor.py:183} INFO - Processing /opt/airflow/dags/extraerDivisas.py took 0.222 seconds
[2024-03-04T12:16:12.666+0000] {processor.py:161} INFO - Started process (PID=27166) to work on /opt/airflow/dags/extraerDivisas.py
[2024-03-04T12:16:12.680+0000] {processor.py:830} INFO - Processing file /opt/airflow/dags/extraerDivisas.py for tasks to queue
[2024-03-04T12:16:12.683+0000] {logging_mixin.py:188} INFO - [2024-03-04T12:16:12.682+0000] {dagbag.py:538} INFO - Filling up the DagBag from /opt/airflow/dags/extraerDivisas.py
[2024-03-04T12:16:12.736+0000] {processor.py:840} INFO - DAG(s) 'actualizar_divisas_dag' retrieved from /opt/airflow/dags/extraerDivisas.py
[2024-03-04T12:16:12.844+0000] {logging_mixin.py:188} INFO - [2024-03-04T12:16:12.844+0000] {dag.py:3036} INFO - Sync 1 DAGs
[2024-03-04T12:16:13.034+0000] {logging_mixin.py:188} INFO - [2024-03-04T12:16:13.033+0000] {dag.py:3823} INFO - Setting next_dagrun for actualizar_divisas_dag to 2024-03-04 00:00:00+00:00, run_after=2024-03-04 00:30:00+00:00
[2024-03-04T12:16:13.123+0000] {processor.py:183} INFO - Processing /opt/airflow/dags/extraerDivisas.py took 0.476 seconds
[2024-03-04T12:16:43.440+0000] {processor.py:161} INFO - Started process (PID=27226) to work on /opt/airflow/dags/extraerDivisas.py
[2024-03-04T12:16:43.443+0000] {processor.py:830} INFO - Processing file /opt/airflow/dags/extraerDivisas.py for tasks to queue
[2024-03-04T12:16:43.445+0000] {logging_mixin.py:188} INFO - [2024-03-04T12:16:43.444+0000] {dagbag.py:538} INFO - Filling up the DagBag from /opt/airflow/dags/extraerDivisas.py
[2024-03-04T12:16:43.463+0000] {processor.py:840} INFO - DAG(s) 'actualizar_divisas_dag' retrieved from /opt/airflow/dags/extraerDivisas.py
[2024-03-04T12:16:43.596+0000] {logging_mixin.py:188} INFO - [2024-03-04T12:16:43.585+0000] {dag.py:3036} INFO - Sync 1 DAGs
[2024-03-04T12:16:43.752+0000] {logging_mixin.py:188} INFO - [2024-03-04T12:16:43.751+0000] {dag.py:3823} INFO - Setting next_dagrun for actualizar_divisas_dag to 2024-03-04 00:00:00+00:00, run_after=2024-03-04 00:30:00+00:00
[2024-03-04T12:16:43.808+0000] {processor.py:183} INFO - Processing /opt/airflow/dags/extraerDivisas.py took 0.377 seconds
[2024-03-04T12:17:14.015+0000] {processor.py:161} INFO - Started process (PID=27285) to work on /opt/airflow/dags/extraerDivisas.py
[2024-03-04T12:17:14.020+0000] {processor.py:830} INFO - Processing file /opt/airflow/dags/extraerDivisas.py for tasks to queue
[2024-03-04T12:17:14.022+0000] {logging_mixin.py:188} INFO - [2024-03-04T12:17:14.021+0000] {dagbag.py:538} INFO - Filling up the DagBag from /opt/airflow/dags/extraerDivisas.py
[2024-03-04T12:17:14.045+0000] {processor.py:840} INFO - DAG(s) 'actualizar_divisas_dag' retrieved from /opt/airflow/dags/extraerDivisas.py
[2024-03-04T12:17:14.105+0000] {logging_mixin.py:188} INFO - [2024-03-04T12:17:14.104+0000] {dag.py:3036} INFO - Sync 1 DAGs
[2024-03-04T12:17:14.286+0000] {logging_mixin.py:188} INFO - [2024-03-04T12:17:14.285+0000] {dag.py:3823} INFO - Setting next_dagrun for actualizar_divisas_dag to 2024-03-04 00:00:00+00:00, run_after=2024-03-04 00:30:00+00:00
[2024-03-04T12:17:14.375+0000] {processor.py:183} INFO - Processing /opt/airflow/dags/extraerDivisas.py took 0.370 seconds
[2024-03-04T12:17:44.641+0000] {processor.py:161} INFO - Started process (PID=27343) to work on /opt/airflow/dags/extraerDivisas.py
[2024-03-04T12:17:44.670+0000] {processor.py:830} INFO - Processing file /opt/airflow/dags/extraerDivisas.py for tasks to queue
[2024-03-04T12:17:44.673+0000] {logging_mixin.py:188} INFO - [2024-03-04T12:17:44.672+0000] {dagbag.py:538} INFO - Filling up the DagBag from /opt/airflow/dags/extraerDivisas.py
[2024-03-04T12:17:44.712+0000] {processor.py:840} INFO - DAG(s) 'actualizar_divisas_dag' retrieved from /opt/airflow/dags/extraerDivisas.py
[2024-03-04T12:17:44.783+0000] {logging_mixin.py:188} INFO - [2024-03-04T12:17:44.782+0000] {dag.py:3036} INFO - Sync 1 DAGs
[2024-03-04T12:17:44.883+0000] {logging_mixin.py:188} INFO - [2024-03-04T12:17:44.882+0000] {dag.py:3823} INFO - Setting next_dagrun for actualizar_divisas_dag to 2024-03-04 00:00:00+00:00, run_after=2024-03-04 00:30:00+00:00
[2024-03-04T12:17:44.959+0000] {processor.py:183} INFO - Processing /opt/airflow/dags/extraerDivisas.py took 0.352 seconds
[2024-03-04T12:18:15.063+0000] {processor.py:161} INFO - Started process (PID=27401) to work on /opt/airflow/dags/extraerDivisas.py
[2024-03-04T12:18:15.067+0000] {processor.py:830} INFO - Processing file /opt/airflow/dags/extraerDivisas.py for tasks to queue
[2024-03-04T12:18:15.070+0000] {logging_mixin.py:188} INFO - [2024-03-04T12:18:15.069+0000] {dagbag.py:538} INFO - Filling up the DagBag from /opt/airflow/dags/extraerDivisas.py
[2024-03-04T12:18:15.099+0000] {processor.py:840} INFO - DAG(s) 'actualizar_divisas_dag' retrieved from /opt/airflow/dags/extraerDivisas.py
[2024-03-04T12:18:15.157+0000] {logging_mixin.py:188} INFO - [2024-03-04T12:18:15.157+0000] {dag.py:3036} INFO - Sync 1 DAGs
[2024-03-04T12:18:15.256+0000] {logging_mixin.py:188} INFO - [2024-03-04T12:18:15.255+0000] {dag.py:3823} INFO - Setting next_dagrun for actualizar_divisas_dag to 2024-03-04 00:00:00+00:00, run_after=2024-03-04 00:30:00+00:00
[2024-03-04T12:18:15.398+0000] {processor.py:183} INFO - Processing /opt/airflow/dags/extraerDivisas.py took 0.345 seconds
[2024-03-04T12:18:45.843+0000] {processor.py:161} INFO - Started process (PID=27460) to work on /opt/airflow/dags/extraerDivisas.py
[2024-03-04T12:18:45.846+0000] {processor.py:830} INFO - Processing file /opt/airflow/dags/extraerDivisas.py for tasks to queue
[2024-03-04T12:18:45.848+0000] {logging_mixin.py:188} INFO - [2024-03-04T12:18:45.847+0000] {dagbag.py:538} INFO - Filling up the DagBag from /opt/airflow/dags/extraerDivisas.py
[2024-03-04T12:18:45.856+0000] {logging_mixin.py:188} INFO - [2024-03-04T12:18:45.854+0000] {dagbag.py:348} ERROR - Failed to import: /opt/airflow/dags/extraerDivisas.py
Traceback (most recent call last):
  File "/home/airflow/.local/lib/python3.8/site-packages/airflow/models/dagbag.py", line 344, in parse
    loader.exec_module(new_module)
  File "<frozen importlib._bootstrap_external>", line 839, in exec_module
  File "<frozen importlib._bootstrap_external>", line 976, in get_code
  File "<frozen importlib._bootstrap_external>", line 906, in source_to_code
  File "<frozen importlib._bootstrap>", line 219, in _call_with_frames_removed
  File "/opt/airflow/dags/extraerDivisas.py", line 12
    default_args = {
                 ^
SyntaxError: invalid syntax
[2024-03-04T12:18:45.857+0000] {processor.py:842} WARNING - No viable dags retrieved from /opt/airflow/dags/extraerDivisas.py
[2024-03-04T12:18:45.909+0000] {processor.py:183} INFO - Processing /opt/airflow/dags/extraerDivisas.py took 0.079 seconds
[2024-03-04T12:19:16.121+0000] {processor.py:161} INFO - Started process (PID=27517) to work on /opt/airflow/dags/extraerDivisas.py
[2024-03-04T12:19:16.122+0000] {processor.py:830} INFO - Processing file /opt/airflow/dags/extraerDivisas.py for tasks to queue
[2024-03-04T12:19:16.131+0000] {logging_mixin.py:188} INFO - [2024-03-04T12:19:16.124+0000] {dagbag.py:538} INFO - Filling up the DagBag from /opt/airflow/dags/extraerDivisas.py
[2024-03-04T12:19:16.143+0000] {logging_mixin.py:188} INFO - [2024-03-04T12:19:16.140+0000] {dagbag.py:348} ERROR - Failed to import: /opt/airflow/dags/extraerDivisas.py
Traceback (most recent call last):
  File "/home/airflow/.local/lib/python3.8/site-packages/airflow/models/dagbag.py", line 344, in parse
    loader.exec_module(new_module)
  File "<frozen importlib._bootstrap_external>", line 839, in exec_module
  File "<frozen importlib._bootstrap_external>", line 976, in get_code
  File "<frozen importlib._bootstrap_external>", line 906, in source_to_code
  File "<frozen importlib._bootstrap>", line 219, in _call_with_frames_removed
  File "/opt/airflow/dags/extraerDivisas.py", line 12
    default_args = {
                 ^
SyntaxError: invalid syntax
[2024-03-04T12:19:16.145+0000] {processor.py:842} WARNING - No viable dags retrieved from /opt/airflow/dags/extraerDivisas.py
[2024-03-04T12:19:16.222+0000] {processor.py:183} INFO - Processing /opt/airflow/dags/extraerDivisas.py took 0.118 seconds
[2024-03-04T12:19:46.961+0000] {processor.py:161} INFO - Started process (PID=27582) to work on /opt/airflow/dags/extraerDivisas.py
[2024-03-04T12:19:46.967+0000] {processor.py:830} INFO - Processing file /opt/airflow/dags/extraerDivisas.py for tasks to queue
[2024-03-04T12:19:46.970+0000] {logging_mixin.py:188} INFO - [2024-03-04T12:19:46.969+0000] {dagbag.py:538} INFO - Filling up the DagBag from /opt/airflow/dags/extraerDivisas.py
[2024-03-04T12:19:47.002+0000] {processor.py:840} INFO - DAG(s) 'actualizar_divisas_dag' retrieved from /opt/airflow/dags/extraerDivisas.py
[2024-03-04T12:19:47.471+0000] {logging_mixin.py:188} INFO - [2024-03-04T12:19:47.471+0000] {dag.py:3036} INFO - Sync 1 DAGs
[2024-03-04T12:19:47.536+0000] {logging_mixin.py:188} INFO - [2024-03-04T12:19:47.536+0000] {dag.py:3823} INFO - Setting next_dagrun for actualizar_divisas_dag to 2024-02-28 00:00:00+00:00, run_after=2024-02-28 00:30:00+00:00
[2024-03-04T12:19:47.584+0000] {processor.py:183} INFO - Processing /opt/airflow/dags/extraerDivisas.py took 0.635 seconds
[2024-03-04T12:20:17.623+0000] {processor.py:161} INFO - Started process (PID=27640) to work on /opt/airflow/dags/extraerDivisas.py
[2024-03-04T12:20:17.626+0000] {processor.py:830} INFO - Processing file /opt/airflow/dags/extraerDivisas.py for tasks to queue
[2024-03-04T12:20:17.628+0000] {logging_mixin.py:188} INFO - [2024-03-04T12:20:17.627+0000] {dagbag.py:538} INFO - Filling up the DagBag from /opt/airflow/dags/extraerDivisas.py
[2024-03-04T12:20:17.650+0000] {processor.py:840} INFO - DAG(s) 'actualizar_divisas_dag' retrieved from /opt/airflow/dags/extraerDivisas.py
[2024-03-04T12:20:17.699+0000] {logging_mixin.py:188} INFO - [2024-03-04T12:20:17.699+0000] {dag.py:3036} INFO - Sync 1 DAGs
[2024-03-04T12:20:17.772+0000] {logging_mixin.py:188} INFO - [2024-03-04T12:20:17.771+0000] {dag.py:3823} INFO - Setting next_dagrun for actualizar_divisas_dag to 2024-02-28 00:00:00+00:00, run_after=2024-02-28 00:30:00+00:00
[2024-03-04T12:20:17.817+0000] {processor.py:183} INFO - Processing /opt/airflow/dags/extraerDivisas.py took 0.202 seconds
[2024-03-04T12:20:48.072+0000] {processor.py:161} INFO - Started process (PID=27699) to work on /opt/airflow/dags/extraerDivisas.py
[2024-03-04T12:20:48.074+0000] {processor.py:830} INFO - Processing file /opt/airflow/dags/extraerDivisas.py for tasks to queue
[2024-03-04T12:20:48.077+0000] {logging_mixin.py:188} INFO - [2024-03-04T12:20:48.076+0000] {dagbag.py:538} INFO - Filling up the DagBag from /opt/airflow/dags/extraerDivisas.py
[2024-03-04T12:20:48.098+0000] {processor.py:840} INFO - DAG(s) 'actualizar_divisas_dag' retrieved from /opt/airflow/dags/extraerDivisas.py
[2024-03-04T12:20:48.149+0000] {logging_mixin.py:188} INFO - [2024-03-04T12:20:48.148+0000] {dag.py:3036} INFO - Sync 1 DAGs
[2024-03-04T12:20:48.223+0000] {logging_mixin.py:188} INFO - [2024-03-04T12:20:48.222+0000] {dag.py:3823} INFO - Setting next_dagrun for actualizar_divisas_dag to 2024-02-28 00:00:00+00:00, run_after=2024-02-28 00:30:00+00:00
[2024-03-04T12:20:48.281+0000] {processor.py:183} INFO - Processing /opt/airflow/dags/extraerDivisas.py took 0.221 seconds
[2024-03-04T12:21:18.834+0000] {processor.py:161} INFO - Started process (PID=27757) to work on /opt/airflow/dags/extraerDivisas.py
[2024-03-04T12:21:18.840+0000] {processor.py:830} INFO - Processing file /opt/airflow/dags/extraerDivisas.py for tasks to queue
[2024-03-04T12:21:18.843+0000] {logging_mixin.py:188} INFO - [2024-03-04T12:21:18.842+0000] {dagbag.py:538} INFO - Filling up the DagBag from /opt/airflow/dags/extraerDivisas.py
[2024-03-04T12:21:18.865+0000] {processor.py:840} INFO - DAG(s) 'actualizar_divisas_dag' retrieved from /opt/airflow/dags/extraerDivisas.py
[2024-03-04T12:21:18.926+0000] {logging_mixin.py:188} INFO - [2024-03-04T12:21:18.925+0000] {dag.py:3036} INFO - Sync 1 DAGs
[2024-03-04T12:21:19.012+0000] {logging_mixin.py:188} INFO - [2024-03-04T12:21:19.011+0000] {dag.py:3823} INFO - Setting next_dagrun for actualizar_divisas_dag to 2024-02-28 00:00:00+00:00, run_after=2024-02-28 00:30:00+00:00
[2024-03-04T12:21:19.059+0000] {processor.py:183} INFO - Processing /opt/airflow/dags/extraerDivisas.py took 0.236 seconds
[2024-03-04T12:21:49.229+0000] {processor.py:161} INFO - Started process (PID=27814) to work on /opt/airflow/dags/extraerDivisas.py
[2024-03-04T12:21:49.234+0000] {processor.py:830} INFO - Processing file /opt/airflow/dags/extraerDivisas.py for tasks to queue
[2024-03-04T12:21:49.236+0000] {logging_mixin.py:188} INFO - [2024-03-04T12:21:49.236+0000] {dagbag.py:538} INFO - Filling up the DagBag from /opt/airflow/dags/extraerDivisas.py
[2024-03-04T12:21:49.264+0000] {processor.py:840} INFO - DAG(s) 'actualizar_divisas_dag' retrieved from /opt/airflow/dags/extraerDivisas.py
[2024-03-04T12:21:49.609+0000] {logging_mixin.py:188} INFO - [2024-03-04T12:21:49.609+0000] {dag.py:3036} INFO - Sync 1 DAGs
[2024-03-04T12:21:49.700+0000] {logging_mixin.py:188} INFO - [2024-03-04T12:21:49.700+0000] {dag.py:3823} INFO - Setting next_dagrun for actualizar_divisas_dag to 2024-02-28 00:00:00+00:00, run_after=2024-02-28 00:01:00+00:00
[2024-03-04T12:21:49.811+0000] {processor.py:183} INFO - Processing /opt/airflow/dags/extraerDivisas.py took 0.591 seconds
[2024-03-04T12:22:20.457+0000] {processor.py:161} INFO - Started process (PID=27872) to work on /opt/airflow/dags/extraerDivisas.py
[2024-03-04T12:22:20.458+0000] {processor.py:830} INFO - Processing file /opt/airflow/dags/extraerDivisas.py for tasks to queue
[2024-03-04T12:22:20.460+0000] {logging_mixin.py:188} INFO - [2024-03-04T12:22:20.459+0000] {dagbag.py:538} INFO - Filling up the DagBag from /opt/airflow/dags/extraerDivisas.py
[2024-03-04T12:22:20.480+0000] {processor.py:840} INFO - DAG(s) 'actualizar_divisas_dag' retrieved from /opt/airflow/dags/extraerDivisas.py
[2024-03-04T12:22:20.531+0000] {logging_mixin.py:188} INFO - [2024-03-04T12:22:20.531+0000] {dag.py:3036} INFO - Sync 1 DAGs
[2024-03-04T12:22:20.609+0000] {logging_mixin.py:188} INFO - [2024-03-04T12:22:20.608+0000] {dag.py:3823} INFO - Setting next_dagrun for actualizar_divisas_dag to 2024-02-28 00:00:00+00:00, run_after=2024-02-28 00:01:00+00:00
[2024-03-04T12:22:20.671+0000] {processor.py:183} INFO - Processing /opt/airflow/dags/extraerDivisas.py took 0.229 seconds
[2024-03-04T12:22:50.922+0000] {processor.py:161} INFO - Started process (PID=27931) to work on /opt/airflow/dags/extraerDivisas.py
[2024-03-04T12:22:50.925+0000] {processor.py:830} INFO - Processing file /opt/airflow/dags/extraerDivisas.py for tasks to queue
[2024-03-04T12:22:50.928+0000] {logging_mixin.py:188} INFO - [2024-03-04T12:22:50.927+0000] {dagbag.py:538} INFO - Filling up the DagBag from /opt/airflow/dags/extraerDivisas.py
[2024-03-04T12:22:50.953+0000] {processor.py:840} INFO - DAG(s) 'actualizar_divisas_dag' retrieved from /opt/airflow/dags/extraerDivisas.py
[2024-03-04T12:22:51.018+0000] {logging_mixin.py:188} INFO - [2024-03-04T12:22:51.017+0000] {dag.py:3036} INFO - Sync 1 DAGs
[2024-03-04T12:22:51.089+0000] {logging_mixin.py:188} INFO - [2024-03-04T12:22:51.088+0000] {dag.py:3823} INFO - Setting next_dagrun for actualizar_divisas_dag to 2024-02-28 00:00:00+00:00, run_after=2024-02-28 00:01:00+00:00
[2024-03-04T12:22:51.135+0000] {processor.py:183} INFO - Processing /opt/airflow/dags/extraerDivisas.py took 0.224 seconds
