[2024-03-04T15:49:09.468+0000] {processor.py:161} INFO - Started process (PID=1885) to work on /opt/airflow/dags/prueba2.py
[2024-03-04T15:49:09.470+0000] {processor.py:830} INFO - Processing file /opt/airflow/dags/prueba2.py for tasks to queue
[2024-03-04T15:49:09.473+0000] {logging_mixin.py:188} INFO - [2024-03-04T15:49:09.472+0000] {dagbag.py:538} INFO - Filling up the DagBag from /opt/airflow/dags/prueba2.py
[2024-03-04T15:49:09.538+0000] {logging_mixin.py:188} WARNING - /home/airflow/.local/lib/python3.8/site-packages/airflow/models/baseoperator.py:437 RemovedInAirflow3Warning: provide_context is deprecated as of 2.0 and is no longer required
[2024-03-04T15:49:09.548+0000] {processor.py:840} INFO - DAG(s) 'hola_mundo' retrieved from /opt/airflow/dags/prueba2.py
[2024-03-04T15:49:09.915+0000] {logging_mixin.py:188} INFO - [2024-03-04T15:49:09.914+0000] {dag.py:3036} INFO - Sync 1 DAGs
[2024-03-04T15:49:09.972+0000] {logging_mixin.py:188} INFO - [2024-03-04T15:49:09.971+0000] {dag.py:3823} INFO - Setting next_dagrun for hola_mundo to 2024-03-04 00:00:00+00:00, run_after=2024-03-05 00:00:00+00:00
[2024-03-04T15:49:10.030+0000] {processor.py:183} INFO - Processing /opt/airflow/dags/prueba2.py took 0.579 seconds
[2024-03-04T15:49:40.264+0000] {processor.py:161} INFO - Started process (PID=1943) to work on /opt/airflow/dags/prueba2.py
[2024-03-04T15:49:40.266+0000] {processor.py:830} INFO - Processing file /opt/airflow/dags/prueba2.py for tasks to queue
[2024-03-04T15:49:40.268+0000] {logging_mixin.py:188} INFO - [2024-03-04T15:49:40.267+0000] {dagbag.py:538} INFO - Filling up the DagBag from /opt/airflow/dags/prueba2.py
[2024-03-04T15:49:40.298+0000] {logging_mixin.py:188} WARNING - /home/airflow/.local/lib/python3.8/site-packages/airflow/models/baseoperator.py:437 RemovedInAirflow3Warning: provide_context is deprecated as of 2.0 and is no longer required
[2024-03-04T15:49:40.302+0000] {processor.py:840} INFO - DAG(s) 'hola_mundo' retrieved from /opt/airflow/dags/prueba2.py
[2024-03-04T15:49:40.349+0000] {logging_mixin.py:188} INFO - [2024-03-04T15:49:40.348+0000] {dag.py:3036} INFO - Sync 1 DAGs
[2024-03-04T15:49:40.408+0000] {logging_mixin.py:188} INFO - [2024-03-04T15:49:40.407+0000] {dag.py:3823} INFO - Setting next_dagrun for hola_mundo to 2024-03-04 00:00:00+00:00, run_after=2024-03-05 00:00:00+00:00
[2024-03-04T15:49:40.449+0000] {processor.py:183} INFO - Processing /opt/airflow/dags/prueba2.py took 0.197 seconds
[2024-03-04T15:50:10.686+0000] {processor.py:161} INFO - Started process (PID=2002) to work on /opt/airflow/dags/prueba2.py
[2024-03-04T15:50:10.688+0000] {processor.py:830} INFO - Processing file /opt/airflow/dags/prueba2.py for tasks to queue
[2024-03-04T15:50:10.692+0000] {logging_mixin.py:188} INFO - [2024-03-04T15:50:10.689+0000] {dagbag.py:538} INFO - Filling up the DagBag from /opt/airflow/dags/prueba2.py
[2024-03-04T15:50:10.716+0000] {logging_mixin.py:188} WARNING - /home/airflow/.local/lib/python3.8/site-packages/airflow/models/baseoperator.py:437 RemovedInAirflow3Warning: provide_context is deprecated as of 2.0 and is no longer required
[2024-03-04T15:50:10.719+0000] {processor.py:840} INFO - DAG(s) 'hola_mundo' retrieved from /opt/airflow/dags/prueba2.py
[2024-03-04T15:50:10.764+0000] {logging_mixin.py:188} INFO - [2024-03-04T15:50:10.763+0000] {dag.py:3036} INFO - Sync 1 DAGs
[2024-03-04T15:50:10.808+0000] {logging_mixin.py:188} INFO - [2024-03-04T15:50:10.807+0000] {dag.py:3823} INFO - Setting next_dagrun for hola_mundo to 2024-03-04 00:00:00+00:00, run_after=2024-03-05 00:00:00+00:00
[2024-03-04T15:50:10.853+0000] {processor.py:183} INFO - Processing /opt/airflow/dags/prueba2.py took 0.173 seconds
[2024-03-04T15:50:41.916+0000] {processor.py:161} INFO - Started process (PID=2058) to work on /opt/airflow/dags/prueba2.py
[2024-03-04T15:50:41.935+0000] {processor.py:830} INFO - Processing file /opt/airflow/dags/prueba2.py for tasks to queue
[2024-03-04T15:50:41.947+0000] {logging_mixin.py:188} INFO - [2024-03-04T15:50:41.937+0000] {dagbag.py:538} INFO - Filling up the DagBag from /opt/airflow/dags/prueba2.py
[2024-03-04T15:50:42.061+0000] {logging_mixin.py:188} WARNING - /home/airflow/.local/lib/python3.8/site-packages/airflow/models/baseoperator.py:437 RemovedInAirflow3Warning: provide_context is deprecated as of 2.0 and is no longer required
[2024-03-04T15:50:42.077+0000] {processor.py:840} INFO - DAG(s) 'hola_mundo' retrieved from /opt/airflow/dags/prueba2.py
[2024-03-04T15:50:42.259+0000] {logging_mixin.py:188} INFO - [2024-03-04T15:50:42.258+0000] {dag.py:3036} INFO - Sync 1 DAGs
[2024-03-04T15:50:42.465+0000] {logging_mixin.py:188} INFO - [2024-03-04T15:50:42.465+0000] {dag.py:3823} INFO - Setting next_dagrun for hola_mundo to 2024-03-04 00:00:00+00:00, run_after=2024-03-05 00:00:00+00:00
[2024-03-04T15:50:42.613+0000] {processor.py:183} INFO - Processing /opt/airflow/dags/prueba2.py took 0.729 seconds
[2024-03-04T15:51:12.702+0000] {processor.py:161} INFO - Started process (PID=2117) to work on /opt/airflow/dags/prueba2.py
[2024-03-04T15:51:12.704+0000] {processor.py:830} INFO - Processing file /opt/airflow/dags/prueba2.py for tasks to queue
[2024-03-04T15:51:12.707+0000] {logging_mixin.py:188} INFO - [2024-03-04T15:51:12.706+0000] {dagbag.py:538} INFO - Filling up the DagBag from /opt/airflow/dags/prueba2.py
[2024-03-04T15:51:12.737+0000] {logging_mixin.py:188} WARNING - /home/airflow/.local/lib/python3.8/site-packages/airflow/models/baseoperator.py:437 RemovedInAirflow3Warning: provide_context is deprecated as of 2.0 and is no longer required
[2024-03-04T15:51:12.740+0000] {processor.py:840} INFO - DAG(s) 'hola_mundo' retrieved from /opt/airflow/dags/prueba2.py
[2024-03-04T15:51:12.784+0000] {logging_mixin.py:188} INFO - [2024-03-04T15:51:12.783+0000] {dag.py:3036} INFO - Sync 1 DAGs
[2024-03-04T15:51:12.839+0000] {logging_mixin.py:188} INFO - [2024-03-04T15:51:12.838+0000] {dag.py:3823} INFO - Setting next_dagrun for hola_mundo to 2024-03-04 00:00:00+00:00, run_after=2024-03-05 00:00:00+00:00
[2024-03-04T15:51:12.889+0000] {processor.py:183} INFO - Processing /opt/airflow/dags/prueba2.py took 0.196 seconds
[2024-03-04T15:51:46.616+0000] {processor.py:161} INFO - Started process (PID=2169) to work on /opt/airflow/dags/prueba2.py
[2024-03-04T15:51:46.682+0000] {processor.py:830} INFO - Processing file /opt/airflow/dags/prueba2.py for tasks to queue
[2024-03-04T15:51:46.684+0000] {logging_mixin.py:188} INFO - [2024-03-04T15:51:46.684+0000] {dagbag.py:538} INFO - Filling up the DagBag from /opt/airflow/dags/prueba2.py
[2024-03-04T15:51:46.924+0000] {logging_mixin.py:188} WARNING - /home/airflow/.local/lib/python3.8/site-packages/airflow/models/baseoperator.py:437 RemovedInAirflow3Warning: provide_context is deprecated as of 2.0 and is no longer required
[2024-03-04T15:51:46.974+0000] {processor.py:840} INFO - DAG(s) 'hola_mundo' retrieved from /opt/airflow/dags/prueba2.py
[2024-03-04T15:51:47.344+0000] {logging_mixin.py:188} INFO - [2024-03-04T15:51:47.343+0000] {dag.py:3036} INFO - Sync 1 DAGs
[2024-03-04T15:51:48.148+0000] {logging_mixin.py:188} INFO - [2024-03-04T15:51:48.147+0000] {dag.py:3823} INFO - Setting next_dagrun for hola_mundo to 2024-03-04 00:00:00+00:00, run_after=2024-03-05 00:00:00+00:00
[2024-03-04T15:51:48.855+0000] {processor.py:183} INFO - Processing /opt/airflow/dags/prueba2.py took 2.384 seconds
[2024-03-04T15:52:19.715+0000] {processor.py:161} INFO - Started process (PID=2226) to work on /opt/airflow/dags/prueba2.py
[2024-03-04T15:52:19.730+0000] {processor.py:830} INFO - Processing file /opt/airflow/dags/prueba2.py for tasks to queue
[2024-03-04T15:52:19.734+0000] {logging_mixin.py:188} INFO - [2024-03-04T15:52:19.732+0000] {dagbag.py:538} INFO - Filling up the DagBag from /opt/airflow/dags/prueba2.py
[2024-03-04T15:52:19.791+0000] {logging_mixin.py:188} WARNING - /home/airflow/.local/lib/python3.8/site-packages/airflow/models/baseoperator.py:437 RemovedInAirflow3Warning: provide_context is deprecated as of 2.0 and is no longer required
[2024-03-04T15:52:19.796+0000] {processor.py:840} INFO - DAG(s) 'hola_mundo' retrieved from /opt/airflow/dags/prueba2.py
[2024-03-04T15:52:19.856+0000] {logging_mixin.py:188} INFO - [2024-03-04T15:52:19.855+0000] {dag.py:3036} INFO - Sync 1 DAGs
[2024-03-04T15:52:19.986+0000] {logging_mixin.py:188} INFO - [2024-03-04T15:52:19.986+0000] {dag.py:3823} INFO - Setting next_dagrun for hola_mundo to 2024-03-04 00:00:00+00:00, run_after=2024-03-05 00:00:00+00:00
[2024-03-04T15:52:20.065+0000] {processor.py:183} INFO - Processing /opt/airflow/dags/prueba2.py took 0.356 seconds
[2024-03-04T15:52:50.289+0000] {processor.py:161} INFO - Started process (PID=2285) to work on /opt/airflow/dags/prueba2.py
[2024-03-04T15:52:50.291+0000] {processor.py:830} INFO - Processing file /opt/airflow/dags/prueba2.py for tasks to queue
[2024-03-04T15:52:50.292+0000] {logging_mixin.py:188} INFO - [2024-03-04T15:52:50.292+0000] {dagbag.py:538} INFO - Filling up the DagBag from /opt/airflow/dags/prueba2.py
[2024-03-04T15:52:50.316+0000] {logging_mixin.py:188} WARNING - /home/airflow/.local/lib/python3.8/site-packages/airflow/models/baseoperator.py:437 RemovedInAirflow3Warning: provide_context is deprecated as of 2.0 and is no longer required
[2024-03-04T15:52:50.320+0000] {processor.py:840} INFO - DAG(s) 'hola_mundo' retrieved from /opt/airflow/dags/prueba2.py
[2024-03-04T15:52:50.357+0000] {logging_mixin.py:188} INFO - [2024-03-04T15:52:50.357+0000] {dag.py:3036} INFO - Sync 1 DAGs
[2024-03-04T15:52:50.398+0000] {logging_mixin.py:188} INFO - [2024-03-04T15:52:50.398+0000] {dag.py:3823} INFO - Setting next_dagrun for hola_mundo to 2024-03-04 00:00:00+00:00, run_after=2024-03-05 00:00:00+00:00
[2024-03-04T15:52:50.431+0000] {processor.py:183} INFO - Processing /opt/airflow/dags/prueba2.py took 0.149 seconds
[2024-03-04T15:53:20.584+0000] {processor.py:161} INFO - Started process (PID=2343) to work on /opt/airflow/dags/prueba2.py
[2024-03-04T15:53:20.586+0000] {processor.py:830} INFO - Processing file /opt/airflow/dags/prueba2.py for tasks to queue
[2024-03-04T15:53:20.588+0000] {logging_mixin.py:188} INFO - [2024-03-04T15:53:20.587+0000] {dagbag.py:538} INFO - Filling up the DagBag from /opt/airflow/dags/prueba2.py
[2024-03-04T15:53:20.614+0000] {logging_mixin.py:188} WARNING - /home/airflow/.local/lib/python3.8/site-packages/airflow/models/baseoperator.py:437 RemovedInAirflow3Warning: provide_context is deprecated as of 2.0 and is no longer required
[2024-03-04T15:53:20.617+0000] {processor.py:840} INFO - DAG(s) 'hola_mundo' retrieved from /opt/airflow/dags/prueba2.py
[2024-03-04T15:53:20.655+0000] {logging_mixin.py:188} INFO - [2024-03-04T15:53:20.654+0000] {dag.py:3036} INFO - Sync 1 DAGs
[2024-03-04T15:53:20.699+0000] {logging_mixin.py:188} INFO - [2024-03-04T15:53:20.698+0000] {dag.py:3823} INFO - Setting next_dagrun for hola_mundo to 2024-03-04 00:00:00+00:00, run_after=2024-03-05 00:00:00+00:00
[2024-03-04T15:53:20.732+0000] {processor.py:183} INFO - Processing /opt/airflow/dags/prueba2.py took 0.154 seconds
[2024-03-04T15:53:51.475+0000] {processor.py:161} INFO - Started process (PID=2402) to work on /opt/airflow/dags/prueba2.py
[2024-03-04T15:53:51.477+0000] {processor.py:830} INFO - Processing file /opt/airflow/dags/prueba2.py for tasks to queue
[2024-03-04T15:53:51.479+0000] {logging_mixin.py:188} INFO - [2024-03-04T15:53:51.478+0000] {dagbag.py:538} INFO - Filling up the DagBag from /opt/airflow/dags/prueba2.py
[2024-03-04T15:53:51.524+0000] {logging_mixin.py:188} WARNING - /home/airflow/.local/lib/python3.8/site-packages/airflow/models/baseoperator.py:437 RemovedInAirflow3Warning: provide_context is deprecated as of 2.0 and is no longer required
[2024-03-04T15:53:51.527+0000] {processor.py:840} INFO - DAG(s) 'hola_mundo' retrieved from /opt/airflow/dags/prueba2.py
[2024-03-04T15:53:51.562+0000] {logging_mixin.py:188} INFO - [2024-03-04T15:53:51.562+0000] {dag.py:3036} INFO - Sync 1 DAGs
[2024-03-04T15:53:51.603+0000] {logging_mixin.py:188} INFO - [2024-03-04T15:53:51.603+0000] {dag.py:3823} INFO - Setting next_dagrun for hola_mundo to 2024-03-04 00:00:00+00:00, run_after=2024-03-05 00:00:00+00:00
[2024-03-04T15:53:51.637+0000] {processor.py:183} INFO - Processing /opt/airflow/dags/prueba2.py took 0.169 seconds
[2024-03-04T15:54:21.747+0000] {processor.py:161} INFO - Started process (PID=2461) to work on /opt/airflow/dags/prueba2.py
[2024-03-04T15:54:21.749+0000] {processor.py:830} INFO - Processing file /opt/airflow/dags/prueba2.py for tasks to queue
[2024-03-04T15:54:21.750+0000] {logging_mixin.py:188} INFO - [2024-03-04T15:54:21.750+0000] {dagbag.py:538} INFO - Filling up the DagBag from /opt/airflow/dags/prueba2.py
[2024-03-04T15:54:21.770+0000] {logging_mixin.py:188} WARNING - /home/airflow/.local/lib/python3.8/site-packages/airflow/models/baseoperator.py:437 RemovedInAirflow3Warning: provide_context is deprecated as of 2.0 and is no longer required
[2024-03-04T15:54:21.773+0000] {processor.py:840} INFO - DAG(s) 'hola_mundo' retrieved from /opt/airflow/dags/prueba2.py
[2024-03-04T15:54:21.807+0000] {logging_mixin.py:188} INFO - [2024-03-04T15:54:21.806+0000] {dag.py:3036} INFO - Sync 1 DAGs
[2024-03-04T15:54:21.847+0000] {logging_mixin.py:188} INFO - [2024-03-04T15:54:21.846+0000] {dag.py:3823} INFO - Setting next_dagrun for hola_mundo to 2024-03-04 00:00:00+00:00, run_after=2024-03-05 00:00:00+00:00
[2024-03-04T15:54:21.896+0000] {processor.py:183} INFO - Processing /opt/airflow/dags/prueba2.py took 0.159 seconds
[2024-03-04T15:54:52.621+0000] {processor.py:161} INFO - Started process (PID=2521) to work on /opt/airflow/dags/prueba2.py
[2024-03-04T15:54:52.632+0000] {processor.py:830} INFO - Processing file /opt/airflow/dags/prueba2.py for tasks to queue
[2024-03-04T15:54:52.635+0000] {logging_mixin.py:188} INFO - [2024-03-04T15:54:52.634+0000] {dagbag.py:538} INFO - Filling up the DagBag from /opt/airflow/dags/prueba2.py
[2024-03-04T15:54:52.671+0000] {logging_mixin.py:188} WARNING - /home/airflow/.local/lib/python3.8/site-packages/airflow/models/baseoperator.py:437 RemovedInAirflow3Warning: provide_context is deprecated as of 2.0 and is no longer required
[2024-03-04T15:54:52.677+0000] {processor.py:840} INFO - DAG(s) 'hola_mundo' retrieved from /opt/airflow/dags/prueba2.py
[2024-03-04T15:54:52.760+0000] {logging_mixin.py:188} INFO - [2024-03-04T15:54:52.760+0000] {dag.py:3036} INFO - Sync 1 DAGs
[2024-03-04T15:54:52.889+0000] {logging_mixin.py:188} INFO - [2024-03-04T15:54:52.889+0000] {dag.py:3823} INFO - Setting next_dagrun for hola_mundo to 2024-03-04 00:00:00+00:00, run_after=2024-03-05 00:00:00+00:00
[2024-03-04T15:54:52.969+0000] {processor.py:183} INFO - Processing /opt/airflow/dags/prueba2.py took 0.365 seconds
